<?xml version="1.0" encoding="UTF-8"?>
<testng-results skipped="0" failed="0" total="1" passed="1">
  <reporter-output>
  </reporter-output>
  <suite name="Default suite" duration-ms="35" started-at="2018-05-18T06:59:42Z" finished-at="2018-05-18T06:59:42Z">
    <groups>
    </groups>
    <test name="Default test" duration-ms="35" started-at="2018-05-18T06:59:42Z" finished-at="2018-05-18T06:59:42Z">
      <class name="gitTest.GitTest1">
        <test-method status="PASS" signature="display1()[pri:0, instance:gitTest.GitTest1@3dd3bcd]" name="display1" duration-ms="18" started-at="2018-05-18T12:29:42Z" finished-at="2018-05-18T12:29:42Z">
          <reporter-output>
          </reporter-output>
        </test-method> <!-- display1 -->
      </class> <!-- gitTest.GitTest1 -->
    </test> <!-- Default test -->
  </suite> <!-- Default suite -->
</testng-results>
